 
 -------------- celery@basitdev-Latitude-5420 v5.6.2 (recovery)
--- ***** ----- 
-- ******* ---- Linux-6.14.0-37-generic-x86_64-with-glibc2.39 2026-01-25 00:47:21
- *** --- * --- 
- ** ---------- [config]
- ** ---------- .> app:         voicenote_worker:0x7ed7bb3c0a70
- ** ---------- .> transport:   redis://localhost:6380/2
- ** ---------- .> results:     redis://localhost:6380/3
- *** --- * --- .> concurrency: 8 (prefork)
-- ******* ---- .> task events: OFF (enable -E to monitor tasks in this worker)
--- ***** ----- 
 -------------- [queues]
                .> celery           exchange=celery(direct) key=celery
                

[tasks]
  . analyze_note_semantics_task
  . check_upcoming_tasks
  . generate_note_embeddings_task
  . generate_productivity_report_task
  . hard_delete_expired_records
  . ping_task
  . process_ai_query_task
  . process_task_image_pipeline
  . process_voice_note_pipeline
  . reset_api_key_limits
  . rotate_to_backup_key
  . send_push_notification
  . sync_external_service_task

[2026-01-25 00:47:25,377: INFO/MainProcess] Connected to redis://localhost:6380/2
[2026-01-25 00:47:25,388: INFO/MainProcess] mingle: searching for neighbors
[2026-01-25 00:47:26,402: INFO/MainProcess] mingle: all alone
[2026-01-25 00:47:26,420: INFO/MainProcess] celery@basitdev-Latitude-5420 ready.
[2026-01-25 00:47:26,429: INFO/MainProcess] Task ping_task[86e79aad-7262-4dd4-be24-3b38181e3b2d] received
[2026-01-25 00:47:26,438: INFO/ForkPoolWorker-8] Task ping_task[86e79aad-7262-4dd4-be24-3b38181e3b2d] succeeded in 0.007086454001182574s: {'status': 'pong', 'message': 'Hello from API e79bf553-0971-4dc5-997a-51868cccd8af', 'timestamp': 1769284046.4353783}
[2026-01-25 01:52:55,111: WARNING/MainProcess] consumer: Connection to broker lost. Trying to re-establish the connection...
Traceback (most recent call last):
  File "/home/basitdev/Me/StudioProjects/VoiceNoteAPI/venv/lib/python3.12/site-packages/celery/worker/consumer/consumer.py", line 346, in start
    blueprint.start(self)
  File "/home/basitdev/Me/StudioProjects/VoiceNoteAPI/venv/lib/python3.12/site-packages/celery/bootsteps.py", line 116, in start
    step.start(parent)
  File "/home/basitdev/Me/StudioProjects/VoiceNoteAPI/venv/lib/python3.12/site-packages/celery/worker/consumer/consumer.py", line 788, in start
    c.loop(*c.loop_args())
  File "/home/basitdev/Me/StudioProjects/VoiceNoteAPI/venv/lib/python3.12/site-packages/celery/worker/loops.py", line 96, in asynloop
    next(loop)
  File "/home/basitdev/Me/StudioProjects/VoiceNoteAPI/venv/lib/python3.12/site-packages/kombu/asynchronous/hub.py", line 377, in create_loop
    cb(*cbargs)
  File "/home/basitdev/Me/StudioProjects/VoiceNoteAPI/venv/lib/python3.12/site-packages/kombu/transport/redis.py", line 1394, in on_readable
    self.cycle.on_readable(fileno)
  File "/home/basitdev/Me/StudioProjects/VoiceNoteAPI/venv/lib/python3.12/site-packages/kombu/transport/redis.py", line 579, in on_readable
    chan.handlers[type]()
  File "/home/basitdev/Me/StudioProjects/VoiceNoteAPI/venv/lib/python3.12/site-packages/kombu/transport/redis.py", line 982, in _brpop_read
    dest__item = self.client.parse_response(self.client.connection,
                 ^^^^^^^^^^^^^^^^^^^^^^^^^^^^^^^^^^^^^^^^^^^^^^^^^^
  File "/home/basitdev/Me/StudioProjects/VoiceNoteAPI/venv/lib/python3.12/site-packages/redis/client.py", line 691, in parse_response
    response = connection.read_response()
               ^^^^^^^^^^^^^^^^^^^^^^^^^^
  File "/home/basitdev/Me/StudioProjects/VoiceNoteAPI/venv/lib/python3.12/site-packages/redis/connection.py", line 1133, in read_response
    response = self._parser.read_response(disable_decoding=disable_decoding)
               ^^^^^^^^^^^^^^^^^^^^^^^^^^^^^^^^^^^^^^^^^^^^^^^^^^^^^^^^^^^^^
  File "/home/basitdev/Me/StudioProjects/VoiceNoteAPI/venv/lib/python3.12/site-packages/redis/_parsers/resp2.py", line 15, in read_response
    result = self._read_response(disable_decoding=disable_decoding)
             ^^^^^^^^^^^^^^^^^^^^^^^^^^^^^^^^^^^^^^^^^^^^^^^^^^^^^^
  File "/home/basitdev/Me/StudioProjects/VoiceNoteAPI/venv/lib/python3.12/site-packages/redis/_parsers/resp2.py", line 25, in _read_response
    raw = self._buffer.readline()
          ^^^^^^^^^^^^^^^^^^^^^^^
  File "/home/basitdev/Me/StudioProjects/VoiceNoteAPI/venv/lib/python3.12/site-packages/redis/_parsers/socket.py", line 115, in readline
    self._read_from_socket()
  File "/home/basitdev/Me/StudioProjects/VoiceNoteAPI/venv/lib/python3.12/site-packages/redis/_parsers/socket.py", line 68, in _read_from_socket
    raise ConnectionError(SERVER_CLOSED_CONNECTION_ERROR)
redis.exceptions.ConnectionError: Connection closed by server.
[2026-01-25 01:52:55,162: WARNING/MainProcess] /home/basitdev/Me/StudioProjects/VoiceNoteAPI/venv/lib/python3.12/site-packages/celery/worker/consumer/consumer.py:397: CPendingDeprecationWarning: 
In Celery 5.1 we introduced an optional breaking change which
on connection loss cancels all currently executed tasks with late acknowledgement enabled.
These tasks cannot be acknowledged as the connection is gone, and the tasks are automatically redelivered
back to the queue. You can enable this behavior using the worker_cancel_long_running_tasks_on_connection_loss
setting. In Celery 5.1 it is set to False by default. The setting will be set to True by default in Celery 6.0.

  warnings.warn(CANCEL_TASKS_BY_DEFAULT, CPendingDeprecationWarning)

[2026-01-25 01:52:55,186: ERROR/MainProcess] consumer: Cannot connect to redis://localhost:6380/2: Connection closed by server..
Trying again in 2.00 seconds... (1/100)


worker: Warm shutdown (MainProcess)

worker: Warm shutdown (MainProcess)
