 
 -------------- celery@basitdev-Latitude-5420 v5.6.2 (recovery)
--- ***** ----- 
-- ******* ---- Linux-6.14.0-37-generic-x86_64-with-glibc2.39 2026-01-25 00:37:08
- *** --- * --- 
- ** ---------- [config]
- ** ---------- .> app:         voicenote_worker:0x7b05a6d1cb90
- ** ---------- .> transport:   redis://localhost:6380/2
- ** ---------- .> results:     redis://localhost:6380/3
- *** --- * --- .> concurrency: 8 (prefork)
-- ******* ---- .> task events: OFF (enable -E to monitor tasks in this worker)
--- ***** ----- 
 -------------- [queues]
                .> celery           exchange=celery(direct) key=celery
                

[tasks]
  . analyze_note_semantics_task
  . check_upcoming_tasks
  . generate_note_embeddings_task
  . generate_productivity_report_task
  . hard_delete_expired_records
  . ping_task
  . process_ai_query_task
  . process_task_image_pipeline
  . process_voice_note_pipeline
  . reset_api_key_limits
  . rotate_to_backup_key
  . send_push_notification
  . sync_external_service_task

[2026-01-25 00:37:13,136: INFO/MainProcess] Connected to redis://localhost:6380/2
[2026-01-25 00:37:13,145: INFO/MainProcess] mingle: searching for neighbors
[2026-01-25 00:37:14,164: INFO/MainProcess] mingle: all alone
[2026-01-25 00:37:14,194: INFO/MainProcess] celery@basitdev-Latitude-5420 ready.

worker: Warm shutdown (MainProcess)
